2016-03-03 10:51:39  [ main:0 ] - [ DEBUG ]  Adding [systemProperties] PropertySource with lowest search precedence
2016-03-03 10:51:39  [ main:4 ] - [ DEBUG ]  Adding [systemEnvironment] PropertySource with lowest search precedence
2016-03-03 10:51:39  [ main:6 ] - [ DEBUG ]  Initialized StandardEnvironment with PropertySources [systemProperties,systemEnvironment]
2016-03-03 10:51:39  [ main:10 ] - [ INFO ]  Refreshing org.springframework.context.support.ClassPathXmlApplicationContext@571bedb0: startup date [Thu Mar 03 10:51:39 CST 2016]; root of context hierarchy
2016-03-03 10:51:39  [ main:50 ] - [ DEBUG ]  Adding [systemProperties] PropertySource with lowest search precedence
2016-03-03 10:51:39  [ main:50 ] - [ DEBUG ]  Adding [systemEnvironment] PropertySource with lowest search precedence
2016-03-03 10:51:39  [ main:51 ] - [ DEBUG ]  Initialized StandardEnvironment with PropertySources [systemProperties,systemEnvironment]
2016-03-03 10:51:39  [ main:61 ] - [ INFO ]  Loading XML bean definitions from class path resource [config/jpa.xml]
2016-03-03 10:51:39  [ main:75 ] - [ DEBUG ]  Using JAXP provider [com.sun.org.apache.xerces.internal.jaxp.DocumentBuilderFactoryImpl]
2016-03-03 10:51:39  [ main:101 ] - [ DEBUG ]  Loading schema mappings from [META-INF/spring.schemas]
2016-03-03 10:51:39  [ main:107 ] - [ DEBUG ]  Loaded schema mappings: {http://www.springframework.org/schema/jee/spring-jee-3.2.xsd=org/springframework/ejb/config/spring-jee-3.2.xsd, http://www.springframework.org/schema/util/spring-util.xsd=org/springframework/beans/factory/xml/spring-util-3.2.xsd, http://www.springframework.org/schema/data/mongo/spring-mongo.xsd=org/springframework/data/mongodb/config/spring-mongo-1.2.xsd, http://www.springframework.org/schema/mvc/spring-mvc-3.1.xsd=org/springframework/web/servlet/config/spring-mvc-3.1.xsd, http://www.springframework.org/schema/task/spring-task.xsd=org/springframework/scheduling/config/spring-task-3.2.xsd, http://www.springframework.org/schema/beans/spring-beans-3.1.xsd=org/springframework/beans/factory/xml/spring-beans-3.1.xsd, http://www.springframework.org/schema/cache/spring-cache.xsd=org/springframework/cache/config/spring-cache-3.2.xsd, http://www.springframework.org/schema/aop/spring-aop-3.0.xsd=org/springframework/aop/config/spring-aop-3.0.xsd, http://www.springframework.org/schema/aop/spring-aop-2.0.xsd=org/springframework/aop/config/spring-aop-2.0.xsd, http://www.springframework.org/schema/task/spring-task-3.1.xsd=org/springframework/scheduling/config/spring-task-3.1.xsd, http://www.springframework.org/schema/tool/spring-tool-2.5.xsd=org/springframework/beans/factory/xml/spring-tool-2.5.xsd, http://www.springframework.org/schema/beans/spring-beans.xsd=org/springframework/beans/factory/xml/spring-beans-3.2.xsd, http://www.springframework.org/schema/jee/spring-jee-2.5.xsd=org/springframework/ejb/config/spring-jee-2.5.xsd, http://www.springframework.org/schema/jdbc/spring-jdbc-3.1.xsd=org/springframework/jdbc/config/spring-jdbc-3.1.xsd, http://www.springframework.org/schema/tool/spring-tool-3.1.xsd=org/springframework/beans/factory/xml/spring-tool-3.1.xsd, http://www.springframework.org/schema/data/mongo/spring-mongo-1.2.xsd=org/springframework/data/mongodb/config/spring-mongo-1.2.xsd, http://www.springframework.org/schema/aop/spring-aop.xsd=org/springframework/aop/config/spring-aop-3.2.xsd, http://www.springframework.org/schema/jee/spring-jee-3.1.xsd=org/springframework/ejb/config/spring-jee-3.1.xsd, http://www.springframework.org/schema/tx/spring-tx-3.2.xsd=org/springframework/transaction/config/spring-tx-3.2.xsd, http://www.springframework.org/schema/context/spring-context-3.2.xsd=org/springframework/context/config/spring-context-3.2.xsd, http://www.springframework.org/schema/beans/spring-beans-2.0.xsd=org/springframework/beans/factory/xml/spring-beans-2.0.xsd, http://www.springframework.org/schema/util/spring-util-3.2.xsd=org/springframework/beans/factory/xml/spring-util-3.2.xsd, http://www.springframework.org/schema/mvc/spring-mvc-3.0.xsd=org/springframework/web/servlet/config/spring-mvc-3.0.xsd, http://www.springframework.org/schema/lang/spring-lang-3.2.xsd=org/springframework/scripting/config/spring-lang-3.2.xsd, http://www.springframework.org/schema/beans/spring-beans-3.0.xsd=org/springframework/beans/factory/xml/spring-beans-3.0.xsd, http://www.springframework.org/schema/cache/spring-cache-3.2.xsd=org/springframework/cache/config/spring-cache-3.2.xsd, http://www.springframework.org/schema/task/spring-task-3.0.xsd=org/springframework/scheduling/config/spring-task-3.0.xsd, http://www.springframework.org/schema/data/repository/spring-repository-1.5.xsd=org/springframework/data/repository/config/spring-repository-1.5.xsd, http://www.springframework.org/schema/tx/spring-tx-2.5.xsd=org/springframework/transaction/config/spring-tx-2.5.xsd, http://www.springframework.org/schema/context/spring-context-2.5.xsd=org/springframework/context/config/spring-context-2.5.xsd, http://www.springframework.org/schema/jdbc/spring-jdbc-3.0.xsd=org/springframework/jdbc/config/spring-jdbc-3.0.xsd, http://www.springframework.org/schema/tool/spring-tool-3.0.xsd=org/springframework/beans/factory/xml/spring-tool-3.0.xsd, http://www.springframework.org/schema/tx/spring-tx.xsd=org/springframework/transaction/config/spring-tx-3.2.xsd, http://www.springframework.org/schema/lang/spring-lang.xsd=org/springframework/scripting/config/spring-lang-3.2.xsd, http://www.springframework.org/schema/data/mongo/spring-mongo-1.1.xsd=org/springframework/data/mongodb/config/spring-mongo-1.1.xsd, http://www.springframework.org/schema/tool/spring-tool-2.0.xsd=org/springframework/beans/factory/xml/spring-tool-2.0.xsd, http://www.springframework.org/schema/util/spring-util-2.5.xsd=org/springframework/beans/factory/xml/spring-util-2.5.xsd, http://www.springframework.org/schema/lang/spring-lang-2.5.xsd=org/springframework/scripting/config/spring-lang-2.5.xsd, http://www.springframework.org/schema/aop/spring-aop-3.2.xsd=org/springframework/aop/config/spring-aop-3.2.xsd, http://www.springframework.org/schema/jee/spring-jee-3.0.xsd=org/springframework/ejb/config/spring-jee-3.0.xsd, http://www.springframework.org/schema/tx/spring-tx-3.1.xsd=org/springframework/transaction/config/spring-tx-3.1.xsd, http://www.springframework.org/schema/jee/spring-jee-2.0.xsd=org/springframework/ejb/config/spring-jee-2.0.xsd, http://www.springframework.org/schema/context/spring-context-3.1.xsd=org/springframework/context/config/spring-context-3.1.xsd, http://www.springframework.org/schema/util/spring-util-3.1.xsd=org/springframework/beans/factory/xml/spring-util-3.1.xsd, http://www.springframework.org/schema/lang/spring-lang-3.1.xsd=org/springframework/scripting/config/spring-lang-3.1.xsd, http://www.springframework.org/schema/cache/spring-cache-3.1.xsd=org/springframework/cache/config/spring-cache-3.1.xsd, http://www.springframework.org/schema/context/spring-context.xsd=org/springframework/context/config/spring-context-3.2.xsd, http://www.springframework.org/schema/jee/spring-jee.xsd=org/springframework/ejb/config/spring-jee-3.2.xsd, http://www.springframework.org/schema/data/repository/spring-repository-1.4.xsd=org/springframework/data/repository/config/spring-repository-1.4.xsd, http://www.springframework.org/schema/aop/spring-aop-2.5.xsd=org/springframework/aop/config/spring-aop-2.5.xsd, http://www.springframework.org/schema/data/repository/spring-repository.xsd=org/springframework/data/repository/config/spring-repository-1.5.xsd, http://www.springframework.org/schema/mvc/spring-mvc.xsd=org/springframework/web/servlet/config/spring-mvc-3.2.xsd, http://www.springframework.org/schema/mvc/spring-mvc-3.2.xsd=org/springframework/web/servlet/config/spring-mvc-3.2.xsd, http://www.springframework.org/schema/jdbc/spring-jdbc.xsd=org/springframework/jdbc/config/spring-jdbc-3.2.xsd, http://www.springframework.org/schema/data/mongo/spring-mongo-1.0.xsd=org/springframework/data/mongodb/config/spring-mongo-1.0.xsd, http://www.springframework.org/schema/data/repository/spring-repository-1.0.xsd=org/springframework/data/repository/config/spring-repository-1.0.xsd, http://www.springframework.org/schema/beans/spring-beans-3.2.xsd=org/springframework/beans/factory/xml/spring-beans-3.2.xsd, http://www.springframework.org/schema/aop/spring-aop-3.1.xsd=org/springframework/aop/config/spring-aop-3.1.xsd, http://www.springframework.org/schema/tx/spring-tx-2.0.xsd=org/springframework/transaction/config/spring-tx-2.0.xsd, http://www.springframework.org/schema/task/spring-task-3.2.xsd=org/springframework/scheduling/config/spring-task-3.2.xsd, http://www.springframework.org/schema/tx/spring-tx-3.0.xsd=org/springframework/transaction/config/spring-tx-3.0.xsd, http://www.springframework.org/schema/context/spring-context-3.0.xsd=org/springframework/context/config/spring-context-3.0.xsd, http://www.springframework.org/schema/tool/spring-tool.xsd=org/springframework/beans/factory/xml/spring-tool-3.2.xsd, http://www.springframework.org/schema/util/spring-util-3.0.xsd=org/springframework/beans/factory/xml/spring-util-3.0.xsd, http://www.springframework.org/schema/lang/spring-lang-3.0.xsd=org/springframework/scripting/config/spring-lang-3.0.xsd, http://www.springframework.org/schema/util/spring-util-2.0.xsd=org/springframework/beans/factory/xml/spring-util-2.0.xsd, http://www.springframework.org/schema/lang/spring-lang-2.0.xsd=org/springframework/scripting/config/spring-lang-2.0.xsd, http://www.springframework.org/schema/jdbc/spring-jdbc-3.2.xsd=org/springframework/jdbc/config/spring-jdbc-3.2.xsd, http://www.springframework.org/schema/tool/spring-tool-3.2.xsd=org/springframework/beans/factory/xml/spring-tool-3.2.xsd, http://www.springframework.org/schema/beans/spring-beans-2.5.xsd=org/springframework/beans/factory/xml/spring-beans-2.5.xsd}
2016-03-03 10:51:39  [ main:109 ] - [ DEBUG ]  Found XML schema [http://www.springframework.org/schema/beans/spring-beans-2.5.xsd] in classpath: org/springframework/beans/factory/xml/spring-beans-2.5.xsd
2016-03-03 10:51:39  [ main:155 ] - [ DEBUG ]  Found XML schema [http://www.springframework.org/schema/context/spring-context-2.5.xsd] in classpath: org/springframework/context/config/spring-context-2.5.xsd
2016-03-03 10:51:39  [ main:168 ] - [ DEBUG ]  Found XML schema [http://www.springframework.org/schema/tool/spring-tool-2.5.xsd] in classpath: org/springframework/beans/factory/xml/spring-tool-2.5.xsd
2016-03-03 10:51:39  [ main:181 ] - [ DEBUG ]  Found XML schema [http://www.springframework.org/schema/tx/spring-tx-2.5.xsd] in classpath: org/springframework/transaction/config/spring-tx-2.5.xsd
2016-03-03 10:51:39  [ main:195 ] - [ DEBUG ]  Loading bean definitions
2016-03-03 10:51:39  [ main:208 ] - [ DEBUG ]  Loaded NamespaceHandler mappings: {http://www.springframework.org/schema/p=org.springframework.beans.factory.xml.SimplePropertyNamespaceHandler, http://www.springframework.org/schema/mvc=org.springframework.web.servlet.config.MvcNamespaceHandler, http://www.springframework.org/schema/util=org.springframework.beans.factory.xml.UtilNamespaceHandler, http://www.springframework.org/schema/data/mongo=org.springframework.data.mongodb.config.MongoNamespaceHandler, http://www.springframework.org/schema/jee=org.springframework.ejb.config.JeeNamespaceHandler, http://www.springframework.org/schema/aop=org.springframework.aop.config.AopNamespaceHandler, http://www.springframework.org/schema/jdbc=org.springframework.jdbc.config.JdbcNamespaceHandler, http://www.springframework.org/schema/data/repository=org.springframework.data.repository.config.RepositoryNameSpaceHandler, http://www.springframework.org/schema/cache=org.springframework.cache.config.CacheNamespaceHandler, http://www.springframework.org/schema/c=org.springframework.beans.factory.xml.SimpleConstructorNamespaceHandler, http://www.springframework.org/schema/tx=org.springframework.transaction.config.TxNamespaceHandler, http://www.springframework.org/schema/task=org.springframework.scheduling.config.TaskNamespaceHandler, http://www.springframework.org/schema/lang=org.springframework.scripting.config.LangNamespaceHandler, http://www.springframework.org/schema/context=org.springframework.context.config.ContextNamespaceHandler}
2016-03-03 10:51:39  [ main:245 ] - [ DEBUG ]  Loaded 9 bean definitions from location pattern [config/jpa.xml]
2016-03-03 10:51:39  [ main:246 ] - [ DEBUG ]  Bean factory for org.springframework.context.support.ClassPathXmlApplicationContext@571bedb0: org.springframework.beans.factory.support.DefaultListableBeanFactory@2c306dfe: defining beans [org.springframework.beans.factory.config.PropertyPlaceholderConfigurer#0,dataSource,jdbcTemplate,txManager,org.springframework.aop.config.internalAutoProxyCreator,org.springframework.transaction.annotation.AnnotationTransactionAttributeSource#0,org.springframework.transaction.interceptor.TransactionInterceptor#0,org.springframework.transaction.config.internalTransactionAdvisor,personServiceImpl]; root of factory hierarchy
2016-03-03 10:51:39  [ main:268 ] - [ DEBUG ]  Creating shared instance of singleton bean 'org.springframework.beans.factory.config.PropertyPlaceholderConfigurer#0'
2016-03-03 10:51:39  [ main:269 ] - [ DEBUG ]  Creating instance of bean 'org.springframework.beans.factory.config.PropertyPlaceholderConfigurer#0'
2016-03-03 10:51:39  [ main:286 ] - [ DEBUG ]  Eagerly caching bean 'org.springframework.beans.factory.config.PropertyPlaceholderConfigurer#0' to allow for resolving potential circular references
2016-03-03 10:51:40  [ main:313 ] - [ DEBUG ]  Finished creating instance of bean 'org.springframework.beans.factory.config.PropertyPlaceholderConfigurer#0'
2016-03-03 10:51:40  [ main:314 ] - [ INFO ]  Loading properties file from class path resource [properties/dev.properties]
2016-03-03 10:51:40  [ main:318 ] - [ DEBUG ]  Creating shared instance of singleton bean 'org.springframework.aop.config.internalAutoProxyCreator'
2016-03-03 10:51:40  [ main:318 ] - [ DEBUG ]  Creating instance of bean 'org.springframework.aop.config.internalAutoProxyCreator'
2016-03-03 10:51:40  [ main:323 ] - [ DEBUG ]  Eagerly caching bean 'org.springframework.aop.config.internalAutoProxyCreator' to allow for resolving potential circular references
2016-03-03 10:51:40  [ main:331 ] - [ DEBUG ]  Finished creating instance of bean 'org.springframework.aop.config.internalAutoProxyCreator'
2016-03-03 10:51:40  [ main:333 ] - [ DEBUG ]  Unable to locate MessageSource with name 'messageSource': using default [org.springframework.context.support.DelegatingMessageSource@13db71f1]
2016-03-03 10:51:40  [ main:335 ] - [ DEBUG ]  Unable to locate ApplicationEventMulticaster with name 'applicationEventMulticaster': using default [org.springframework.context.event.SimpleApplicationEventMulticaster@187e68ea]
2016-03-03 10:51:40  [ main:338 ] - [ INFO ]  Pre-instantiating singletons in org.springframework.beans.factory.support.DefaultListableBeanFactory@2c306dfe: defining beans [org.springframework.beans.factory.config.PropertyPlaceholderConfigurer#0,dataSource,jdbcTemplate,txManager,org.springframework.aop.config.internalAutoProxyCreator,org.springframework.transaction.annotation.AnnotationTransactionAttributeSource#0,org.springframework.transaction.interceptor.TransactionInterceptor#0,org.springframework.transaction.config.internalTransactionAdvisor,personServiceImpl]; root of factory hierarchy
2016-03-03 10:51:40  [ main:338 ] - [ DEBUG ]  Returning cached instance of singleton bean 'org.springframework.beans.factory.config.PropertyPlaceholderConfigurer#0'
2016-03-03 10:51:40  [ main:338 ] - [ DEBUG ]  Creating shared instance of singleton bean 'dataSource'
2016-03-03 10:51:40  [ main:339 ] - [ DEBUG ]  Creating instance of bean 'dataSource'
2016-03-03 10:51:40  [ main:348 ] - [ DEBUG ]  Eagerly caching bean 'dataSource' to allow for resolving potential circular references
2016-03-03 10:51:40  [ main:374 ] - [ DEBUG ]  Creating shared instance of singleton bean 'org.springframework.transaction.config.internalTransactionAdvisor'
2016-03-03 10:51:40  [ main:374 ] - [ DEBUG ]  Creating instance of bean 'org.springframework.transaction.config.internalTransactionAdvisor'
2016-03-03 10:51:40  [ main:377 ] - [ DEBUG ]  Eagerly caching bean 'org.springframework.transaction.config.internalTransactionAdvisor' to allow for resolving potential circular references
2016-03-03 10:51:40  [ main:381 ] - [ DEBUG ]  Creating shared instance of singleton bean 'org.springframework.transaction.annotation.AnnotationTransactionAttributeSource#0'
2016-03-03 10:51:40  [ main:382 ] - [ DEBUG ]  Creating instance of bean 'org.springframework.transaction.annotation.AnnotationTransactionAttributeSource#0'
2016-03-03 10:51:40  [ main:386 ] - [ DEBUG ]  Eagerly caching bean 'org.springframework.transaction.annotation.AnnotationTransactionAttributeSource#0' to allow for resolving potential circular references
2016-03-03 10:51:40  [ main:388 ] - [ DEBUG ]  Skipping currently created advisor 'org.springframework.transaction.config.internalTransactionAdvisor'
2016-03-03 10:51:40  [ main:390 ] - [ DEBUG ]  Finished creating instance of bean 'org.springframework.transaction.annotation.AnnotationTransactionAttributeSource#0'
2016-03-03 10:51:40  [ main:391 ] - [ DEBUG ]  Finished creating instance of bean 'org.springframework.transaction.config.internalTransactionAdvisor'
2016-03-03 10:51:40  [ main:396 ] - [ DEBUG ]  Finished creating instance of bean 'dataSource'
2016-03-03 10:51:40  [ main:396 ] - [ DEBUG ]  Creating shared instance of singleton bean 'jdbcTemplate'
2016-03-03 10:51:40  [ main:396 ] - [ DEBUG ]  Creating instance of bean 'jdbcTemplate'
2016-03-03 10:51:40  [ main:403 ] - [ DEBUG ]  Eagerly caching bean 'jdbcTemplate' to allow for resolving potential circular references
2016-03-03 10:51:40  [ main:417 ] - [ DEBUG ]  Returning cached instance of singleton bean 'dataSource'
2016-03-03 10:51:40  [ main:418 ] - [ DEBUG ]  Invoking afterPropertiesSet() on bean with name 'jdbcTemplate'
2016-03-03 10:51:40  [ main:418 ] - [ DEBUG ]  Returning cached instance of singleton bean 'org.springframework.transaction.config.internalTransactionAdvisor'
2016-03-03 10:51:40  [ main:435 ] - [ DEBUG ]  Finished creating instance of bean 'jdbcTemplate'
2016-03-03 10:51:40  [ main:436 ] - [ DEBUG ]  Creating shared instance of singleton bean 'txManager'
2016-03-03 10:51:40  [ main:436 ] - [ DEBUG ]  Creating instance of bean 'txManager'
2016-03-03 10:51:40  [ main:441 ] - [ DEBUG ]  Eagerly caching bean 'txManager' to allow for resolving potential circular references
2016-03-03 10:51:40  [ main:444 ] - [ DEBUG ]  Returning cached instance of singleton bean 'dataSource'
2016-03-03 10:51:40  [ main:445 ] - [ DEBUG ]  Invoking afterPropertiesSet() on bean with name 'txManager'
2016-03-03 10:51:40  [ main:445 ] - [ DEBUG ]  Returning cached instance of singleton bean 'org.springframework.transaction.config.internalTransactionAdvisor'
2016-03-03 10:51:40  [ main:447 ] - [ DEBUG ]  Finished creating instance of bean 'txManager'
2016-03-03 10:51:40  [ main:447 ] - [ DEBUG ]  Returning cached instance of singleton bean 'org.springframework.aop.config.internalAutoProxyCreator'
2016-03-03 10:51:40  [ main:447 ] - [ DEBUG ]  Returning cached instance of singleton bean 'org.springframework.transaction.annotation.AnnotationTransactionAttributeSource#0'
2016-03-03 10:51:40  [ main:447 ] - [ DEBUG ]  Creating shared instance of singleton bean 'org.springframework.transaction.interceptor.TransactionInterceptor#0'
2016-03-03 10:51:40  [ main:448 ] - [ DEBUG ]  Creating instance of bean 'org.springframework.transaction.interceptor.TransactionInterceptor#0'
2016-03-03 10:51:40  [ main:449 ] - [ DEBUG ]  Eagerly caching bean 'org.springframework.transaction.interceptor.TransactionInterceptor#0' to allow for resolving potential circular references
2016-03-03 10:51:40  [ main:454 ] - [ DEBUG ]  Returning cached instance of singleton bean 'org.springframework.transaction.annotation.AnnotationTransactionAttributeSource#0'
2016-03-03 10:51:40  [ main:454 ] - [ DEBUG ]  Invoking afterPropertiesSet() on bean with name 'org.springframework.transaction.interceptor.TransactionInterceptor#0'
2016-03-03 10:51:40  [ main:454 ] - [ DEBUG ]  Finished creating instance of bean 'org.springframework.transaction.interceptor.TransactionInterceptor#0'
2016-03-03 10:51:40  [ main:455 ] - [ DEBUG ]  Returning cached instance of singleton bean 'org.springframework.transaction.config.internalTransactionAdvisor'
2016-03-03 10:51:40  [ main:455 ] - [ DEBUG ]  Creating shared instance of singleton bean 'personServiceImpl'
2016-03-03 10:51:40  [ main:455 ] - [ DEBUG ]  Creating instance of bean 'personServiceImpl'
2016-03-03 10:51:40  [ main:456 ] - [ DEBUG ]  Eagerly caching bean 'personServiceImpl' to allow for resolving potential circular references
2016-03-03 10:51:40  [ main:457 ] - [ DEBUG ]  Returning cached instance of singleton bean 'dataSource'
2016-03-03 10:51:40  [ main:458 ] - [ DEBUG ]  Returning cached instance of singleton bean 'org.springframework.transaction.config.internalTransactionAdvisor'
2016-03-03 10:51:40  [ main:464 ] - [ DEBUG ]  Finished creating instance of bean 'personServiceImpl'
2016-03-03 10:51:40  [ main:466 ] - [ DEBUG ]  Unable to locate LifecycleProcessor with name 'lifecycleProcessor': using default [org.springframework.context.support.DefaultLifecycleProcessor@77a10bd7]
2016-03-03 10:51:40  [ main:466 ] - [ DEBUG ]  Returning cached instance of singleton bean 'lifecycleProcessor'
2016-03-03 10:51:40  [ main:469 ] - [ DEBUG ]  Searching for key 'spring.liveBeansView.mbeanDomain' in [systemProperties]
2016-03-03 10:51:40  [ main:469 ] - [ DEBUG ]  Searching for key 'spring.liveBeansView.mbeanDomain' in [systemEnvironment]
2016-03-03 10:51:40  [ main:470 ] - [ DEBUG ]  Could not find key 'spring.liveBeansView.mbeanDomain' in any property source. Returning [null]
2016-03-03 10:51:40  [ main:470 ] - [ DEBUG ]  Returning cached instance of singleton bean 'personServiceImpl'
2016-03-03 10:51:40  [ main:471 ] - [ DEBUG ]  com.upsmart.Person@5204db6b
2016-03-03 10:51:40  [ main:473 ] - [ DEBUG ]  Executing prepared SQL update
2016-03-03 10:51:40  [ main:474 ] - [ DEBUG ]  Executing prepared SQL statement [insert into person(name,age,address)values(?,?,?)]
2016-03-03 10:51:40  [ main:479 ] - [ DEBUG ]  Fetching JDBC Connection from DataSource
2016-03-03 10:51:40  [ main:693 ] - [ DEBUG ]  SQL update affected 1 rows
2016-03-03 10:51:40  [ main:696 ] - [ DEBUG ]  Returning JDBC Connection to DataSource
